2017-04-10 05:17:03,535 [      0]   INFO -        #com.intellij.idea.Main - ------------------------------------------------------ IDE STARTED ------------------------------------------------------ 
2017-04-10 05:17:03,567 [     32]   INFO -        #com.intellij.idea.Main - IDE: PyCharm Community Edition (build #PC-171.4249.47, 26 Apr 2017 10:54) 
2017-04-10 05:17:03,567 [     32]   INFO -        #com.intellij.idea.Main - OS: Linux (4.4.50-v7+, arm) 
2017-04-10 05:17:03,568 [     33]   INFO -        #com.intellij.idea.Main - JRE: 1.8.0_131-b11 (Oracle Corporation) 
2017-04-10 05:17:03,568 [     33]   INFO -        #com.intellij.idea.Main - JVM: 25.131-b11 (Java HotSpot(TM) Server VM) 
2017-04-10 05:17:03,575 [     40]   INFO -        #com.intellij.idea.Main - JVM Args: -Xbootclasspath/a:../lib/boot.jar -Xms128m -Xmx512m -XX:ReservedCodeCacheSize=240m -XX:+UseConcMarkSweepGC -XX:SoftRefLRUPolicyMSPerMB=50 -ea -Dsun.io.useCanonCaches=false -Djava.net.preferIPv4Stack=true -XX:+HeapDumpOnOutOfMemoryError -XX:-OmitStackTraceInFastThrow -Dawt.useSystemAAFontSettings=lcd -Dsun.java2d.renderer=sun.java2d.marlin.MarlinRenderingEngine -XX:ErrorFile=/home/pi/java_error_in_PYCHARM_%p.log -XX:HeapDumpPath=/home/pi/java_error_in_PYCHARM.hprof -Didea.paths.selector=PyCharmCE2017.1 -Djb.vmOptionsFile=./pycharm.vmoptions -Didea.platform.prefix=PyCharmCore 
2017-04-10 05:17:03,576 [     41]   INFO -        #com.intellij.idea.Main - ext: /usr/lib/jvm/jdk-8-oracle-arm32-vfp-hflt/jre/lib/ext: [zipfs.jar, sunec.jar, nashorn.jar, meta-index, sunjce_provider.jar, localedata.jar, sunpkcs11.jar, dnsns.jar, cldrdata.jar, jaccess.jar] 
2017-04-10 05:17:03,577 [     42]   INFO -        #com.intellij.idea.Main - JNU charset: UTF-8 
2017-04-10 05:17:03,672 [    137]   INFO -        #com.intellij.idea.Main - JNA library (32-bit) loaded in 93 ms 
2017-04-10 05:17:46,210 [  42675]   INFO - .intellij.idea.IdeaApplication - WM detected: Openbox 
2017-04-10 05:17:50,427 [  46892]   INFO - llij.ide.plugins.PluginManager - 17 plugins initialized in 3482 ms 
2017-04-10 05:17:50,430 [  46895]   INFO - llij.ide.plugins.PluginManager - Loaded bundled plugins: CVS Integration (11), EditorConfig (171.4249.47), Git Integration (8.1), GitHub (171.4249.47), IDEA CORE (171.4249.47), IPython Notebook (0.1), IntelliLang (8.0), Python IntelliLang (VERSION), Python ReStructureText Integration (1.0), Python Terminal (VERSION), ReStructuredText Support (171.4249.47), Settings Repository (171.4249.47), Subversion Integration (1.1), Task Management (1.0), Terminal (0.1), YAML (171.4249.47), hg4idea (10.0) 
2017-04-10 05:17:52,820 [  49285]   INFO - ellij.vfs.persistent.FSRecords - Marking VFS as corrupted: '/home/pi/.PyCharmCE2017.1/system/caches/names.dat' does not exist 
2017-04-10 05:17:52,828 [  49293]   INFO - ellij.util.io.PagedFileStorage - lower=100; upper=200; buffer=10; max=485 
2017-04-10 05:17:52,995 [  49460]   INFO - pl.local.NativeFileWatcherImpl - Starting file watcher: /home/pi/PyCharm/pycharm-community-2017.1.2/bin/fsnotifier-arm 
2017-04-10 05:17:53,041 [  49506]   INFO - pl.local.NativeFileWatcherImpl - Native file watcher is operational. 
2017-04-10 05:17:56,019 [  52484]   INFO - .history.utils.LocalHistoryLog - local history version mismatch (was: 0, expected: 6), rebuilding... 
2017-04-10 05:17:56,020 [  52485]   INFO - .history.utils.LocalHistoryLog - FS has been rebuild, rebuilding local history... 
2017-04-10 05:17:57,707 [  54172]   INFO - til.net.ssl.CertificateManager - Default SSL context initialized 
2017-04-10 05:17:58,190 [  54655]   INFO - rains.ide.BuiltInServerManager - built-in server started, port 63342 
2017-04-10 05:17:58,351 [  54816]   INFO - gs.impl.UpdateCheckerComponent - channel: release 
2017-04-10 05:17:58,990 [  55455]   INFO - il.indexing.FileBasedIndexImpl - Index exts enumerated:196 
2017-04-10 05:17:59,018 [  55483]   INFO - il.indexing.FileBasedIndexImpl - Index scheduled:27 
2017-04-10 05:17:59,216 [  55681]   INFO - tellij.psi.stubs.StubIndexImpl - All stub exts enumerated:126 
2017-04-10 05:17:59,220 [  55685]   INFO - tellij.psi.stubs.StubIndexImpl - stub exts update scheduled:3 
2017-04-10 05:17:59,474 [  55939]   INFO - j.ide.script.IdeStartupScripts - 0 startup script(s) found 
2017-04-10 05:18:00,330 [  56795]   INFO - plication.impl.ApplicationImpl - 74 application components initialized in 13410ms 
2017-04-10 05:18:00,482 [  56947]   INFO - .intellij.idea.IdeaApplication - App initialization took 71023 ms 
2017-04-10 05:18:00,759 [  57224]   INFO - ateSettings.impl.UpdateChecker - www.jetbrains.com 
java.net.UnknownHostException: www.jetbrains.com
	at java.net.AbstractPlainSocketImpl.connect(AbstractPlainSocketImpl.java:184)
	at java.net.SocksSocketImpl.connect(SocksSocketImpl.java:392)
	at java.net.Socket.connect(Socket.java:589)
	at sun.security.ssl.SSLSocketImpl.connect(SSLSocketImpl.java:668)
	at sun.net.NetworkClient.doConnect(NetworkClient.java:175)
	at sun.net.www.http.HttpClient.openServer(HttpClient.java:463)
	at sun.net.www.http.HttpClient.openServer(HttpClient.java:558)
	at sun.net.www.protocol.https.HttpsClient.<init>(HttpsClient.java:264)
	at sun.net.www.protocol.https.HttpsClient.New(HttpsClient.java:367)
	at sun.net.www.protocol.https.AbstractDelegateHttpsURLConnection.getNewHttpClient(AbstractDelegateHttpsURLConnection.java:191)
	at sun.net.www.protocol.http.HttpURLConnection.plainConnect0(HttpURLConnection.java:1181)
	at sun.net.www.protocol.http.HttpURLConnection.plainConnect(HttpURLConnection.java:1032)
	at sun.net.www.protocol.https.AbstractDelegateHttpsURLConnection.connect(AbstractDelegateHttpsURLConnection.java:177)
	at sun.net.www.protocol.http.HttpURLConnection.getInputStream0(HttpURLConnection.java:1546)
	at sun.net.www.protocol.http.HttpURLConnection.getInputStream(HttpURLConnection.java:1474)
	at java.net.HttpURLConnection.getResponseCode(HttpURLConnection.java:480)
	at sun.net.www.protocol.https.HttpsURLConnectionImpl.getResponseCode(HttpsURLConnectionImpl.java:338)
	at com.intellij.util.io.HttpRequests.openConnection(HttpRequests.java:511)
	at com.intellij.util.io.HttpRequests.access$300(HttpRequests.java:61)
	at com.intellij.util.io.HttpRequests$RequestImpl.getConnection(HttpRequests.java:289)
	at com.intellij.util.io.HttpRequests$RequestImpl.getInputStream(HttpRequests.java:298)
	at com.intellij.util.io.HttpRequests$RequestImpl.getReader(HttpRequests.java:316)
	at com.intellij.util.io.HttpRequests$RequestImpl.getReader(HttpRequests.java:309)
	at com.intellij.openapi.updateSettings.impl.UpdateChecker$checkPlatformUpdate$1.process(UpdateChecker.kt:178)
	at com.intellij.openapi.updateSettings.impl.UpdateChecker$checkPlatformUpdate$1.process(UpdateChecker.kt:65)
	at com.intellij.util.io.HttpRequests.lambda$doProcess$0(HttpRequests.java:420)
	at com.intellij.util.net.ssl.CertificateManager.runWithUntrustedCertificateStrategy(CertificateManager.java:349)
	at com.intellij.util.io.HttpRequests.doProcess(HttpRequests.java:420)
	at com.intellij.util.io.HttpRequests.process(HttpRequests.java:395)
	at com.intellij.util.io.HttpRequests.access$100(HttpRequests.java:61)
	at com.intellij.util.io.HttpRequests$RequestBuilderImpl.connect(HttpRequests.java:263)
	at com.intellij.openapi.updateSettings.impl.UpdateChecker.checkPlatformUpdate(UpdateChecker.kt:176)
	at com.intellij.openapi.updateSettings.impl.UpdateChecker.doUpdateAndShowResult(UpdateChecker.kt:122)
	at com.intellij.openapi.updateSettings.impl.UpdateChecker.access$doUpdateAndShowResult(UpdateChecker.kt:65)
	at com.intellij.openapi.updateSettings.impl.UpdateChecker$updateAndShowResult$1.run(UpdateChecker.kt:91)
	at com.intellij.openapi.application.impl.ApplicationImpl$2.run(ApplicationImpl.java:334)
	at java.util.concurrent.Executors$RunnableAdapter.call(Executors.java:511)
	at java.util.concurrent.FutureTask.run(FutureTask.java:266)
	at java.util.concurrent.ThreadPoolExecutor.runWorker(ThreadPoolExecutor.java:1142)
	at java.util.concurrent.ThreadPoolExecutor$Worker.run(ThreadPoolExecutor.java:617)
	at java.lang.Thread.run(Thread.java:748)
2017-04-10 05:18:00,776 [  57241]   INFO - ateSettings.impl.UpdateChecker - Connection failed (www.jetbrains.com). Please check network connection and try again. 
2017-04-10 05:18:00,953 [  57418]   INFO - ij.psi.stubs.StubUpdatingIndex - Following new file types will be indexed:HTML,PythonStub,XML,Python 
2017-04-10 05:18:01,397 [  57862]   INFO - pl$FileIndexDataInitialization - Initialization done:2383 
2017-04-10 05:18:01,572 [  58037]   INFO - exImpl$StubIndexInitialization - Initialization done:173 
2017-04-10 05:18:05,030 [  61495]   INFO - ellij.project.impl.ProjectImpl - 15 project components initialized in 1140 ms 
2017-04-10 05:18:06,857 [  63322]   INFO - .openapi.application.Preloader - Finished preloading com.intellij.openapi.actionSystem.impl.ActionPreloader@453421 
2017-04-10 05:18:08,865 [  65330]   INFO - .openapi.application.Preloader - Finished preloading com.intellij.ide.ui.search.SearchableOptionPreloader@1b118e2 
2017-04-10 05:18:09,621 [  66086]   INFO - .openapi.application.Preloader - Finished preloading com.intellij.codeInsight.completion.CompletionPreloader@4c4345 
2017-04-10 05:18:39,851 [  96316]   INFO - packaging.PyPackageManagerImpl - Running packaging tool: /usr/bin/python3.4 /home/pi/PyCharm/pycharm-community-2017.1.2/helpers/packaging_tool.py list 
2017-04-10 05:18:39,859 [  96324]   INFO - packaging.PyPackageManagerImpl - Running packaging tool: /usr/bin/python3.4 /home/pi/PyCharm/pycharm-community-2017.1.2/helpers/packaging_tool.py list 
2017-04-10 05:18:47,089 [ 103554]   INFO - ns.python.sdk.PythonSdkUpdater - Updating sys.path took 200 ms 
2017-04-10 05:18:47,140 [ 103605]   INFO - ns.python.sdk.PythonSdkUpdater - Binary skeletons directory for SDK Python 3.4.2 (/usr/bin/python3.4) (/usr/bin/python3.4)): /home/pi/.PyCharmCE2017.1/system/python_stubs/-1247971765 
2017-04-10 05:18:47,153 [ 103618]   INFO - ns.python.sdk.PythonSdkUpdater - User skeletons directory for SDK Python 3.4.2 (/usr/bin/python3.4) (/usr/bin/python3.4)): /home/pi/PyCharm/pycharm-community-2017.1.2/helpers/python-skeletons 
2017-04-10 05:18:47,414 [ 103879]   INFO - packaging.PyPackageManagerImpl - Running packaging tool: /usr/bin/python3.4 /home/pi/PyCharm/pycharm-community-2017.1.2/helpers/packaging_tool.py list 
2017-04-10 05:18:47,420 [ 103885]   INFO - packaging.PyPackageManagerImpl - Running packaging tool: /usr/bin/python3.4 /home/pi/PyCharm/pycharm-community-2017.1.2/helpers/packaging_tool.py list 
2017-04-10 05:18:48,221 [ 104686]   INFO - ns.python.sdk.PythonSdkUpdater - Performing background update of skeletons for SDK Python 3.4.2 (/usr/bin/python3.4) (/usr/bin/python3.4) 
2017-04-10 05:18:48,253 [ 104718]   INFO - .skeletons.PySkeletonRefresher - Refreshing skeletons for /usr/bin/python3.4 
2017-04-10 05:18:49,412 [ 105877]   INFO - .skeletons.PySkeletonGenerator - Retrieving binary module list took 1084 ms 
2017-04-10 05:18:49,425 [ 105890]   INFO - .skeletons.PySkeletonRefresher - Home path is /home/pi/PyCharm/pycharm-community-2017.1.2 
2017-04-10 05:19:02,127 [ 118592]   INFO - .skeletons.PySkeletonGenerator - Rebuilding builtin skeletons took 12679 ms 
2017-04-10 05:19:02,131 [ 118596]   INFO - .skeletons.PySkeletonRefresher - Skeleton for OpenSSL.SSL 
2017-04-10 05:19:02,998 [ 119463]   INFO - .skeletons.PySkeletonRefresher - Skeleton for OpenSSL.crypto 
2017-04-10 05:19:03,918 [ 120383]   INFO - .skeletons.PySkeletonRefresher - Skeleton for OpenSSL.rand 
2017-04-10 05:19:04,587 [ 121052]   INFO - .skeletons.PySkeletonRefresher - Skeleton for PIL._imaging 
2017-04-10 05:19:05,276 [ 121741]   INFO - .skeletons.PySkeletonRefresher - Skeleton for PIL._imagingcms 
2017-04-10 05:19:05,950 [ 122415]   INFO - .skeletons.PySkeletonRefresher - Skeleton for PIL._imagingft 
2017-04-10 05:19:06,609 [ 123074]   INFO - .skeletons.PySkeletonRefresher - Skeleton for PIL._imagingmath 
2017-04-10 05:19:07,315 [ 123780]   INFO - .skeletons.PySkeletonRefresher - Skeleton for PIL._imagingmorph 
2017-04-10 05:19:07,978 [ 124443]   INFO - .skeletons.PySkeletonRefresher - Skeleton for PIL._webp 
2017-04-10 05:19:08,653 [ 125118]   INFO - .skeletons.PySkeletonRefresher - Skeleton for RPi._GPIO 
2017-04-10 05:19:09,332 [ 125797]   INFO - .skeletons.PySkeletonRefresher - Skeleton for RTIMU 
2017-04-10 05:19:10,082 [ 126547]   INFO - .skeletons.PySkeletonRefresher - Skeleton for _bz2 
2017-04-10 05:19:10,765 [ 127230]   INFO - .skeletons.PySkeletonRefresher - Skeleton for _codecs_cn 
2017-04-10 05:19:11,419 [ 127884]   INFO - .skeletons.PySkeletonRefresher - Skeleton for _codecs_hk 
2017-04-10 05:19:12,052 [ 128517]   INFO - .skeletons.PySkeletonRefresher - Skeleton for _codecs_iso2022 
2017-04-10 05:19:12,701 [ 129166]   INFO - .skeletons.PySkeletonRefresher - Skeleton for _codecs_jp 
2017-04-10 05:19:13,360 [ 129825]   INFO - .skeletons.PySkeletonRefresher - Skeleton for _codecs_kr 
2017-04-10 05:19:14,000 [ 130465]   INFO - .skeletons.PySkeletonRefresher - Skeleton for _codecs_tw 
2017-04-10 05:19:14,642 [ 131107]   INFO - .skeletons.PySkeletonRefresher - Skeleton for _crypt 
2017-04-10 05:19:15,271 [ 131736]   INFO - .skeletons.PySkeletonRefresher - Skeleton for _csv 
2017-04-10 05:19:16,022 [ 132487]   INFO - .skeletons.PySkeletonRefresher - Skeleton for _ctypes 
2017-04-10 05:19:16,820 [ 133285]   INFO - .skeletons.PySkeletonRefresher - Skeleton for _ctypes_test 
2017-04-10 05:19:17,469 [ 133934]   INFO - .skeletons.PySkeletonRefresher - Skeleton for _curses 
2017-04-10 05:19:18,153 [ 134618]   INFO - .skeletons.PySkeletonRefresher - Skeleton for _curses_panel 
2017-04-10 05:19:18,810 [ 135275]   INFO - .skeletons.PySkeletonRefresher - Skeleton for _dbm 
2017-04-10 05:19:19,486 [ 135951]   INFO - .skeletons.PySkeletonRefresher - Skeleton for _decimal 
2017-04-10 05:19:21,522 [ 137987]   INFO - .skeletons.PySkeletonRefresher - Skeleton for _hashlib 
2017-04-10 05:19:22,219 [ 138684]   INFO - .skeletons.PySkeletonRefresher - Skeleton for _json 
2017-04-10 05:19:22,911 [ 139376]   INFO - .skeletons.PySkeletonRefresher - Skeleton for _lsprof 
2017-04-10 05:19:23,649 [ 140114]   INFO - .skeletons.PySkeletonRefresher - Skeleton for _lzma 
2017-04-10 05:19:24,393 [ 140858]   INFO - .skeletons.PySkeletonRefresher - Skeleton for _multibytecodec 
2017-04-10 05:19:25,054 [ 141519]   INFO - .skeletons.PySkeletonRefresher - Skeleton for _multiprocessing 
2017-04-10 05:19:25,759 [ 142224]   INFO - .skeletons.PySkeletonRefresher - Skeleton for _opcode 
2017-04-10 05:19:26,407 [ 142872]   INFO - .skeletons.PySkeletonRefresher - Skeleton for _sqlite3 
2017-04-10 05:19:27,764 [ 144229]   INFO - .skeletons.PySkeletonRefresher - Skeleton for _ssl 
2017-04-10 05:19:28,967 [ 145432]   INFO - .skeletons.PySkeletonRefresher - Skeleton for _testbuffer 
2017-04-10 05:19:29,612 [ 146077]   INFO - .skeletons.PySkeletonRefresher - Skeleton for _testcapi 
2017-04-10 05:19:30,349 [ 146814]   INFO - .skeletons.PySkeletonRefresher - Skeleton for _testimportmultiple 
2017-04-10 05:19:30,974 [ 147439]   INFO - .skeletons.PySkeletonRefresher - Skeleton for _tkinter 
2017-04-10 05:19:31,771 [ 148236]   INFO - .skeletons.PySkeletonRefresher - Skeleton for apt_inst 
2017-04-10 05:19:32,652 [ 149117]   INFO - .skeletons.PySkeletonRefresher - Skeleton for apt_pkg 
2017-04-10 05:19:35,067 [ 151532]   INFO - .skeletons.PySkeletonRefresher - Skeleton for audioop 
2017-04-10 05:19:35,734 [ 152199]   INFO - .skeletons.PySkeletonRefresher - Skeleton for cmath 
2017-04-10 05:19:36,566 [ 153031]   INFO - .skeletons.PySkeletonRefresher - Skeleton for fpectl 
2017-04-10 05:19:37,207 [ 153672]   INFO - .skeletons.PySkeletonRefresher - Skeleton for gi._gi 
2017-04-10 05:19:37,977 [ 154442]   INFO - .skeletons.PySkeletonRefresher - Skeleton for markupsafe._speedups 
2017-04-10 05:19:38,646 [ 155111]   INFO - .skeletons.PySkeletonRefresher - Skeleton for mmap 
2017-04-10 05:19:39,368 [ 155833]   INFO - .skeletons.PySkeletonRefresher - Skeleton for nis 
2017-04-10 05:19:40,062 [ 156527]   INFO - .skeletons.PySkeletonRefresher - Skeleton for numpy.core._dotblas 
2017-04-10 05:19:42,292 [ 158757]   INFO - .skeletons.PySkeletonRefresher - Skeleton for numpy.core._dummy 
2017-04-10 05:19:44,088 [ 160553]   INFO - .skeletons.PySkeletonRefresher - Skeleton for numpy.core.multiarray 
2017-04-10 05:19:47,545 [ 164010]   INFO - .skeletons.PySkeletonRefresher - Skeleton for numpy.core.multiarray_tests 
2017-04-10 05:19:49,362 [ 165827]   INFO - .skeletons.PySkeletonRefresher - Skeleton for numpy.core.operand_flag_tests 
2017-04-10 05:19:51,117 [ 167582]   INFO - .skeletons.PySkeletonRefresher - Skeleton for numpy.core.scalarmath 
2017-04-10 05:19:52,902 [ 169367]   INFO - .skeletons.PySkeletonRefresher - Skeleton for numpy.core.struct_ufunc_test 
2017-04-10 05:19:54,694 [ 171159]   INFO - .skeletons.PySkeletonRefresher - Skeleton for numpy.core.test_rational 
2017-04-10 05:19:56,575 [ 173040]   INFO - .skeletons.PySkeletonRefresher - Skeleton for numpy.core.umath 
2017-04-10 05:19:59,635 [ 176100]   INFO - .skeletons.PySkeletonRefresher - Skeleton for numpy.core.umath_tests 
2017-04-10 05:20:01,479 [ 177944]   INFO - .skeletons.PySkeletonRefresher - Skeleton for numpy.fft.fftpack_lite 
2017-04-10 05:20:03,281 [ 179746]   INFO - .skeletons.PySkeletonRefresher - Skeleton for numpy.lib._compiled_base 
2017-04-10 05:20:05,163 [ 181628]   INFO - .skeletons.PySkeletonRefresher - Skeleton for numpy.linalg._umath_linalg 
2017-04-10 05:20:07,244 [ 183709]   INFO - .skeletons.PySkeletonRefresher - Skeleton for numpy.linalg.lapack_lite 
2017-04-10 05:20:08,990 [ 185455]   INFO - .skeletons.PySkeletonRefresher - Skeleton for numpy.numarray._capi 
2017-04-10 05:20:10,795 [ 187260]   INFO - .skeletons.PySkeletonRefresher - Skeleton for numpy.random.mtrand 
2017-04-10 05:20:14,084 [ 190549]   INFO - .skeletons.PySkeletonRefresher - Skeleton for ossaudiodev 
2017-04-10 05:20:14,735 [ 191200]   INFO - .skeletons.PySkeletonRefresher - Skeleton for parser 
2017-04-10 05:20:15,416 [ 191881]   INFO - .skeletons.PySkeletonRefresher - Skeleton for pygame._camera 
2017-04-10 05:20:17,844 [ 194309]   INFO - .skeletons.PySkeletonRefresher - Skeleton for pygame._freetype 
2017-04-10 05:20:20,179 [ 196644]   INFO - .skeletons.PySkeletonRefresher - Skeleton for pygame.base 
2017-04-10 05:20:22,228 [ 198693]   INFO - .skeletons.PySkeletonRefresher - Skeleton for pygame.bufferproxy 
2017-04-10 05:20:24,193 [ 200658]   INFO - .skeletons.PySkeletonRefresher - Skeleton for pygame.cdrom 
2017-04-10 05:20:26,288 [ 202753]   INFO - .skeletons.PySkeletonRefresher - Skeleton for pygame.color 
2017-04-10 05:20:28,726 [ 205191]   INFO - .skeletons.PySkeletonRefresher - Skeleton for pygame.constants 
2017-04-10 05:20:30,727 [ 207192]   INFO - .skeletons.PySkeletonRefresher - Skeleton for pygame.display 
2017-04-10 05:20:32,906 [ 209371]   INFO - .skeletons.PySkeletonRefresher - Skeleton for pygame.draw 
2017-04-10 05:20:35,005 [ 211470]   INFO - .skeletons.PySkeletonRefresher - Skeleton for pygame.event 
2017-04-10 05:20:37,129 [ 213594]   INFO - .skeletons.PySkeletonRefresher - Skeleton for pygame.fastevent 
2017-04-10 05:20:39,141 [ 215606]   INFO - .skeletons.PySkeletonRefresher - Skeleton for pygame.font 
2017-04-10 05:20:41,245 [ 217710]   INFO - .skeletons.PySkeletonRefresher - Skeleton for pygame.gfxdraw 
2017-04-10 05:20:43,653 [ 220118]   INFO - .skeletons.PySkeletonRefresher - Skeleton for pygame.image 
2017-04-10 05:20:45,709 [ 222174]   INFO - .skeletons.PySkeletonRefresher - Skeleton for pygame.imageext 
2017-04-10 05:20:47,638 [ 224103]   INFO - .skeletons.PySkeletonRefresher - Skeleton for pygame.joystick 
2017-04-10 05:20:49,724 [ 226189]   INFO - .skeletons.PySkeletonRefresher - Skeleton for pygame.key 
2017-04-10 05:20:51,696 [ 228161]   INFO - .skeletons.PySkeletonRefresher - Skeleton for pygame.mask 
2017-04-10 05:20:54,026 [ 230491]   INFO - .skeletons.PySkeletonRefresher - Skeleton for pygame.math 
2017-04-10 05:20:56,491 [ 232956]   INFO - .skeletons.PySkeletonRefresher - Skeleton for pygame.mixer 
2017-04-10 05:20:58,883 [ 235348]   INFO - .skeletons.PySkeletonRefresher - Skeleton for pygame.mixer_music 
2017-04-10 05:21:00,929 [ 237394]   INFO - .skeletons.PySkeletonRefresher - Skeleton for pygame.mouse 
2017-04-10 05:21:02,959 [ 239424]   INFO - .skeletons.PySkeletonRefresher - Skeleton for pygame.newbuffer 
2017-04-10 05:21:04,914 [ 241379]   INFO - .skeletons.PySkeletonRefresher - Skeleton for pygame.overlay 
2017-04-10 05:21:06,988 [ 243453]   INFO - .skeletons.PySkeletonRefresher - Skeleton for pygame.pixelarray 
2017-04-10 05:21:09,053 [ 245518]   INFO - .skeletons.PySkeletonRefresher - Skeleton for pygame.pixelcopy 
2017-04-10 05:21:11,074 [ 247539]   INFO - .skeletons.PySkeletonRefresher - Skeleton for pygame.pypm 
2017-04-10 05:21:13,467 [ 249932]   INFO - .skeletons.PySkeletonRefresher - Skeleton for pygame.rect 
2017-04-10 05:21:15,606 [ 252071]   INFO - .skeletons.PySkeletonRefresher - Skeleton for pygame.rwobject 
2017-04-10 05:21:17,568 [ 254033]   INFO - .skeletons.PySkeletonRefresher - Skeleton for pygame.scrap 
2017-04-10 05:21:19,558 [ 256023]   INFO - .skeletons.PySkeletonRefresher - Skeleton for pygame.surface 
2017-04-10 05:21:22,088 [ 258553]   INFO - .skeletons.PySkeletonRefresher - Skeleton for pygame.surflock 
2017-04-10 05:21:24,059 [ 260524]   INFO - .skeletons.PySkeletonRefresher - Skeleton for pygame.time 
2017-04-10 05:21:26,088 [ 262553]   INFO - .skeletons.PySkeletonRefresher - Skeleton for pygame.transform 
2017-04-10 05:21:28,230 [ 264695]   INFO - .skeletons.PySkeletonRefresher - Skeleton for readline 
2017-04-10 05:21:29,086 [ 265551]   INFO - .skeletons.PySkeletonRefresher - Skeleton for resource 
2017-04-10 05:21:29,724 [ 266189]   INFO - .skeletons.PySkeletonRefresher - Skeleton for smbus 
2017-04-10 05:21:30,554 [ 267019]   INFO - .skeletons.PySkeletonRefresher - Skeleton for spidev 
2017-04-10 05:21:31,257 [ 267722]   INFO - .skeletons.PySkeletonRefresher - Skeleton for termios 
2017-04-10 05:21:32,037 [ 268502]   INFO - .skeletons.PySkeletonRefresher - Skeleton for xxlimited 
2017-04-10 05:21:32,721 [ 269186]   INFO - .skeletons.PySkeletonRefresher - Rebuilding skeletons for binaries took 150593 ms 
2017-04-10 05:21:32,734 [ 269199]   INFO - ns.python.sdk.PythonSdkUpdater - Performing background scan of packages for SDK Python 3.4.2 (/usr/bin/python3.4) (/usr/bin/python3.4) 
2017-04-10 05:21:32,735 [ 269200]   INFO - packaging.PyPackageManagerImpl - Running packaging tool: /usr/bin/python3.4 /home/pi/PyCharm/pycharm-community-2017.1.2/helpers/packaging_tool.py list 
2017-04-10 05:22:08,847 [ 305312]   WARN - til.ui.update.LazyUiDisposable - use application as a parent disposable 
2017-04-10 05:22:17,432 [ 313897]   INFO - ellij.project.impl.ProjectImpl - 90 project components initialized in 1944 ms 
2017-04-10 05:22:17,434 [ 313899]   INFO - le.impl.ModuleManagerComponent - 0 module(s) loaded in 0 ms 
2017-04-10 05:22:17,817 [ 314282]   INFO - i.vcs.changes.ChangeListWorker - default list not found when copy 
2017-04-10 05:22:17,817 [ 314282]   INFO - i.vcs.changes.ChangeListWorker - default list not found when copy in original object too 
2017-04-10 05:22:18,209 [ 314674]   WARN - rationStore.ComponentStoreImpl - Cannot find virtual file /home/pi/PycharmProjects/test1/.idea/misc.xml 
2017-04-10 05:22:21,049 [ 317514]   INFO - .diagnostic.PerformanceWatcher - Pushing properties took 60ms; general responsiveness: ok; EDT responsiveness: ok 
2017-04-10 05:22:21,152 [ 317617]   INFO - tartup.impl.StartupManagerImpl - /home/pi/PycharmProjects/test1/.idea case-sensitivity: expected=true actual=true 
2017-04-10 05:22:22,123 [ 318588]   INFO - pl.ProjectRootManagerComponent - project roots have changed 
2017-04-10 05:22:22,131 [ 318596]   INFO - .diagnostic.PerformanceWatcher - Indexable file iteration took 1076ms; general responsiveness: ok; EDT responsiveness: ok 
2017-04-10 05:22:22,137 [ 318602]   INFO - indexing.UnindexedFilesUpdater - Unindexed files update started: 195 files to update 
2017-04-10 05:22:22,141 [ 318606]   INFO - indexing.UnindexedFilesUpdater - Unindexed files update canceled 
2017-04-10 05:22:25,397 [ 321862]   INFO - pl.ProjectRootManagerComponent - project roots have changed 
2017-04-10 05:22:25,842 [ 322307]   INFO - tor.impl.FileEditorManagerImpl - Project opening took 10406 ms 
2017-04-10 05:22:26,168 [ 322633]   INFO - .diagnostic.PerformanceWatcher - Pushing properties took 11ms; general responsiveness: ok; EDT responsiveness: ok 
2017-04-10 05:22:32,101 [ 328566]   INFO - .diagnostic.PerformanceWatcher - Indexable file iteration took 5924ms; general responsiveness: ok; EDT responsiveness: ok 
2017-04-10 05:22:32,125 [ 328590]   INFO - indexing.UnindexedFilesUpdater - Unindexed files update started: 3314 files to update 
2017-04-10 05:24:28,113 [ 444578]   INFO - .diagnostic.PerformanceWatcher - Unindexed files update took 115988ms; general responsiveness: 2/115 sluggish; EDT responsiveness: ok 
2017-04-10 05:24:28,774 [ 445239]   INFO - tartup.impl.StartupManagerImpl - InitLogStartupActivity run in 475 
2017-04-10 05:24:28,790 [ 445255]   WARN - ng.ui.PyCondaManagementService - Could not find conda python interpreter 
2017-04-10 05:24:28,823 [ 445288]   INFO - dvertisement.PluginsAdvertiser - plugins.jetbrains.com 
java.net.UnknownHostException: plugins.jetbrains.com
	at java.net.AbstractPlainSocketImpl.connect(AbstractPlainSocketImpl.java:184)
	at java.net.SocksSocketImpl.connect(SocksSocketImpl.java:392)
	at java.net.Socket.connect(Socket.java:589)
	at sun.security.ssl.SSLSocketImpl.connect(SSLSocketImpl.java:668)
	at sun.net.NetworkClient.doConnect(NetworkClient.java:175)
	at sun.net.www.http.HttpClient.openServer(HttpClient.java:463)
	at sun.net.www.http.HttpClient.openServer(HttpClient.java:558)
	at sun.net.www.protocol.https.HttpsClient.<init>(HttpsClient.java:264)
	at sun.net.www.protocol.https.HttpsClient.New(HttpsClient.java:367)
	at sun.net.www.protocol.https.AbstractDelegateHttpsURLConnection.getNewHttpClient(AbstractDelegateHttpsURLConnection.java:191)
	at sun.net.www.protocol.http.HttpURLConnection.plainConnect0(HttpURLConnection.java:1181)
	at sun.net.www.protocol.http.HttpURLConnection.plainConnect(HttpURLConnection.java:1032)
	at sun.net.www.protocol.https.AbstractDelegateHttpsURLConnection.connect(AbstractDelegateHttpsURLConnection.java:177)
	at sun.net.www.protocol.http.HttpURLConnection.getInputStream0(HttpURLConnection.java:1546)
	at sun.net.www.protocol.http.HttpURLConnection.getInputStream(HttpURLConnection.java:1474)
	at java.net.HttpURLConnection.getResponseCode(HttpURLConnection.java:480)
	at sun.net.www.protocol.https.HttpsURLConnectionImpl.getResponseCode(HttpsURLConnectionImpl.java:338)
	at com.intellij.util.io.HttpRequests.openConnection(HttpRequests.java:511)
	at com.intellij.util.io.HttpRequests.access$300(HttpRequests.java:61)
	at com.intellij.util.io.HttpRequests$RequestImpl.getConnection(HttpRequests.java:289)
	at com.intellij.ide.plugins.RepositoryHelper$1.process(RepositoryHelper.java:158)
	at com.intellij.ide.plugins.RepositoryHelper$1.process(RepositoryHelper.java:151)
	at com.intellij.util.io.HttpRequests.lambda$doProcess$0(HttpRequests.java:420)
	at com.intellij.util.net.ssl.CertificateManager.runWithUntrustedCertificateStrategy(CertificateManager.java:349)
	at com.intellij.util.io.HttpRequests.doProcess(HttpRequests.java:420)
	at com.intellij.util.io.HttpRequests.process(HttpRequests.java:395)
	at com.intellij.util.io.HttpRequests.access$100(HttpRequests.java:61)
	at com.intellij.util.io.HttpRequests$RequestBuilderImpl.connect(HttpRequests.java:263)
	at com.intellij.ide.plugins.RepositoryHelper.loadPlugins(RepositoryHelper.java:151)
	at com.intellij.ide.plugins.RepositoryHelper.loadPlugins(RepositoryHelper.java:106)
	at com.intellij.ide.plugins.RepositoryHelper.loadPlugins(RepositoryHelper.java:98)
	at com.intellij.ide.plugins.RepositoryHelper.loadPluginsFromAllRepositories(RepositoryHelper.java:78)
	at com.intellij.openapi.updateSettings.impl.pluginsAdvertisement.PluginsAdvertiser$4.run(PluginsAdvertiser.java:293)
	at com.intellij.openapi.application.impl.ApplicationImpl$2.run(ApplicationImpl.java:334)
	at java.util.concurrent.Executors$RunnableAdapter.call(Executors.java:511)
	at java.util.concurrent.FutureTask.run(FutureTask.java:266)
	at java.util.concurrent.ThreadPoolExecutor.runWorker(ThreadPoolExecutor.java:1142)
	at java.util.concurrent.ThreadPoolExecutor$Worker.run(ThreadPoolExecutor.java:617)
	at java.lang.Thread.run(Thread.java:748)
2017-04-10 05:24:35,921 [ 452386]   INFO - ns.python.sdk.PythonSdkUpdater - Updating sys.path took 111 ms 
2017-04-10 05:24:35,925 [ 452390]   INFO - ns.python.sdk.PythonSdkUpdater - Binary skeletons directory for SDK Python 3.4.2 (/usr/bin/python3.4) (/usr/bin/python3.4)): /home/pi/.PyCharmCE2017.1/system/python_stubs/-1247971765 
2017-04-10 05:24:35,925 [ 452390]   INFO - ns.python.sdk.PythonSdkUpdater - User skeletons directory for SDK Python 3.4.2 (/usr/bin/python3.4) (/usr/bin/python3.4)): /home/pi/PyCharm/pycharm-community-2017.1.2/helpers/python-skeletons 
2017-04-10 05:24:35,942 [ 452407]   INFO - ns.python.sdk.PythonSdkUpdater - Performing background update of skeletons for SDK Python 3.4.2 (/usr/bin/python3.4) (/usr/bin/python3.4) 
2017-04-10 05:24:35,943 [ 452408]   INFO - .skeletons.PySkeletonRefresher - Refreshing skeletons for /usr/bin/python3.4 
2017-04-10 05:24:36,901 [ 453366]   INFO - .skeletons.PySkeletonGenerator - Retrieving binary module list took 951 ms 
2017-04-10 05:24:36,906 [ 453371]   INFO - .skeletons.PySkeletonRefresher - Home path is /home/pi/PyCharm/pycharm-community-2017.1.2 
2017-04-10 05:24:36,964 [ 453429]   INFO - .skeletons.PySkeletonRefresher - Rebuilding skeletons for binaries took 53 ms 
2017-04-10 05:24:37,063 [ 453528]   INFO - ns.python.sdk.PythonSdkUpdater - Performing background scan of packages for SDK Python 3.4.2 (/usr/bin/python3.4) (/usr/bin/python3.4) 
2017-04-10 05:24:37,064 [ 453529]   INFO - packaging.PyPackageManagerImpl - Running packaging tool: /usr/bin/python3.4 /home/pi/PyCharm/pycharm-community-2017.1.2/helpers/packaging_tool.py list 
2017-04-10 05:26:20,645 [ 557110]   INFO - stubs.SerializationManagerImpl - START StubSerializationManager SHUTDOWN 
2017-04-10 05:26:20,647 [ 557112]   INFO - stubs.SerializationManagerImpl - END StubSerializationManager SHUTDOWN 
2017-04-10 05:26:20,680 [ 557145]   INFO - org.jetbrains.io.BuiltInServer - web server stopped 
2017-04-10 05:26:20,706 [ 557171]   INFO - Types.impl.FileTypeManagerImpl - FileTypeManager: 234 auto-detected files
Elapsed time on auto-detect: 822 ms 
2017-04-10 05:26:20,723 [ 557188]   INFO - pl.local.NativeFileWatcherImpl - Watcher terminated with exit code 0 
2017-04-10 05:26:20,726 [ 557191]   INFO - il.indexing.FileBasedIndexImpl - START INDEX SHUTDOWN 
2017-04-10 05:26:20,775 [ 557240]   INFO - il.indexing.FileBasedIndexImpl - END INDEX SHUTDOWN 
2017-04-10 05:26:20,778 [ 557243]   INFO - newvfs.persistent.PersistentFS - VFS dispose started 
2017-04-10 05:26:20,785 [ 557250]   INFO - newvfs.persistent.PersistentFS - VFS dispose completed 
2017-04-10 05:26:20,803 [ 557268]   INFO -        #com.intellij.idea.Main - ------------------------------------------------------ IDE SHUTDOWN ------------------------------------------------------ 
2017-04-10 05:26:20,807 [ 557272]   INFO - org.jetbrains.io.BuiltInServer - web server stopped 
